{"C:\\Faculdade\\to-do-list\\backend\\src\\Server.js": {"path":"C:\\Faculdade\\to-do-list\\backend\\src\\Server.js","statementMap":{"0":{"start":{"line":1,"column":16},"end":{"line":1,"column":34}},"1":{"start":{"line":2,"column":17},"end":{"line":2,"column":36}},"2":{"start":{"line":3,"column":13},"end":{"line":3,"column":28}},"3":{"start":{"line":6,"column":15},"end":{"line":6,"column":44}},"4":{"start":{"line":8,"column":0},"end":{"line":8,"column":26}},"5":{"start":{"line":10,"column":12},"end":{"line":10,"column":21}},"6":{"start":{"line":11,"column":13},"end":{"line":11,"column":37}},"7":{"start":{"line":14,"column":0},"end":{"line":14,"column":24}},"8":{"start":{"line":16,"column":0},"end":{"line":16,"column":16}},"9":{"start":{"line":19,"column":0},"end":{"line":22,"column":31}},"10":{"start":{"line":21,"column":11},"end":{"line":21,"column":49}},"11":{"start":{"line":22,"column":14},"end":{"line":22,"column":30}},"12":{"start":{"line":25,"column":0},"end":{"line":25,"column":15}},"13":{"start":{"line":28,"column":0},"end":{"line":28,"column":74}},"14":{"start":{"line":28,"column":23},"end":{"line":28,"column":73}}},"fnMap":{"0":{"name":"(anonymous_0)","decl":{"start":{"line":21,"column":6},"end":{"line":21,"column":7}},"loc":{"start":{"line":21,"column":11},"end":{"line":21,"column":49}},"line":21},"1":{"name":"(anonymous_1)","decl":{"start":{"line":22,"column":7},"end":{"line":22,"column":8}},"loc":{"start":{"line":22,"column":14},"end":{"line":22,"column":30}},"line":22},"2":{"name":"(anonymous_2)","decl":{"start":{"line":28,"column":17},"end":{"line":28,"column":18}},"loc":{"start":{"line":28,"column":23},"end":{"line":28,"column":73}},"line":28}},"branchMap":{"0":{"loc":{"start":{"line":11,"column":13},"end":{"line":11,"column":37}},"type":"binary-expr","locations":[{"start":{"line":11,"column":13},"end":{"line":11,"column":29}},{"start":{"line":11,"column":33},"end":{"line":11,"column":37}}],"line":11}},"s":{"0":1,"1":1,"2":1,"3":1,"4":1,"5":1,"6":1,"7":1,"8":1,"9":1,"10":0,"11":0,"12":1,"13":1,"14":0},"f":{"0":0,"1":0,"2":0},"b":{"0":[1,1]},"_coverageSchema":"1a1c01bbd47fc00a2c39e90264f33305004495a9","hash":"10bdb0c72ebc342e8d0da632b92401a737c491dc"}
,"C:\\Faculdade\\to-do-list\\backend\\src\\controllers\\ToDoController.js": {"path":"C:\\Faculdade\\to-do-list\\backend\\src\\controllers\\ToDoController.js","statementMap":{"0":{"start":{"line":1,"column":18},"end":{"line":1,"column":48}},"1":{"start":{"line":4,"column":0},"end":{"line":13,"column":2}},"2":{"start":{"line":5,"column":4},"end":{"line":12,"column":5}},"3":{"start":{"line":6,"column":21},"end":{"line":6,"column":60}},"4":{"start":{"line":7,"column":8},"end":{"line":7,"column":54}},"5":{"start":{"line":8,"column":8},"end":{"line":8,"column":23}},"6":{"start":{"line":10,"column":8},"end":{"line":10,"column":54}},"7":{"start":{"line":11,"column":8},"end":{"line":11,"column":57}},"8":{"start":{"line":16,"column":0},"end":{"line":32,"column":2}},"9":{"start":{"line":17,"column":21},"end":{"line":17,"column":29}},"10":{"start":{"line":20,"column":4},"end":{"line":22,"column":5}},"11":{"start":{"line":21,"column":8},"end":{"line":21,"column":72}},"12":{"start":{"line":24,"column":4},"end":{"line":31,"column":5}},"13":{"start":{"line":25,"column":24},"end":{"line":25,"column":56}},"14":{"start":{"line":26,"column":8},"end":{"line":26,"column":58}},"15":{"start":{"line":27,"column":8},"end":{"line":27,"column":38}},"16":{"start":{"line":29,"column":8},"end":{"line":29,"column":56}},"17":{"start":{"line":30,"column":8},"end":{"line":30,"column":120}},"18":{"start":{"line":35,"column":0},"end":{"line":55,"column":2}},"19":{"start":{"line":36,"column":19},"end":{"line":36,"column":29}},"20":{"start":{"line":37,"column":21},"end":{"line":37,"column":29}},"21":{"start":{"line":40,"column":4},"end":{"line":42,"column":5}},"22":{"start":{"line":41,"column":8},"end":{"line":41,"column":78}},"23":{"start":{"line":44,"column":4},"end":{"line":54,"column":5}},"24":{"start":{"line":46,"column":28},"end":{"line":46,"column":90}},"25":{"start":{"line":47,"column":8},"end":{"line":49,"column":9}},"26":{"start":{"line":48,"column":12},"end":{"line":48,"column":74}},"27":{"start":{"line":50,"column":8},"end":{"line":50,"column":30}},"28":{"start":{"line":52,"column":8},"end":{"line":52,"column":56}},"29":{"start":{"line":53,"column":8},"end":{"line":53,"column":57}},"30":{"start":{"line":58,"column":0},"end":{"line":76,"column":2}},"31":{"start":{"line":59,"column":19},"end":{"line":59,"column":29}},"32":{"start":{"line":62,"column":4},"end":{"line":64,"column":5}},"33":{"start":{"line":63,"column":8},"end":{"line":63,"column":67}},"34":{"start":{"line":66,"column":4},"end":{"line":75,"column":5}},"35":{"start":{"line":67,"column":28},"end":{"line":67,"column":65}},"36":{"start":{"line":68,"column":8},"end":{"line":70,"column":9}},"37":{"start":{"line":69,"column":12},"end":{"line":69,"column":74}},"38":{"start":{"line":71,"column":8},"end":{"line":71,"column":71}},"39":{"start":{"line":73,"column":8},"end":{"line":73,"column":54}},"40":{"start":{"line":74,"column":8},"end":{"line":74,"column":68}}},"fnMap":{"0":{"name":"(anonymous_0)","decl":{"start":{"line":4,"column":25},"end":{"line":4,"column":26}},"loc":{"start":{"line":4,"column":45},"end":{"line":13,"column":1}},"line":4},"1":{"name":"(anonymous_1)","decl":{"start":{"line":16,"column":26},"end":{"line":16,"column":27}},"loc":{"start":{"line":16,"column":46},"end":{"line":32,"column":1}},"line":16},"2":{"name":"(anonymous_2)","decl":{"start":{"line":35,"column":28},"end":{"line":35,"column":29}},"loc":{"start":{"line":35,"column":48},"end":{"line":55,"column":1}},"line":35},"3":{"name":"(anonymous_3)","decl":{"start":{"line":58,"column":28},"end":{"line":58,"column":29}},"loc":{"start":{"line":58,"column":48},"end":{"line":76,"column":1}},"line":58}},"branchMap":{"0":{"loc":{"start":{"line":20,"column":4},"end":{"line":22,"column":5}},"type":"if","locations":[{"start":{"line":20,"column":4},"end":{"line":22,"column":5}},{"start":{},"end":{}}],"line":20},"1":{"loc":{"start":{"line":40,"column":4},"end":{"line":42,"column":5}},"type":"if","locations":[{"start":{"line":40,"column":4},"end":{"line":42,"column":5}},{"start":{},"end":{}}],"line":40},"2":{"loc":{"start":{"line":40,"column":8},"end":{"line":40,"column":20}},"type":"binary-expr","locations":[{"start":{"line":40,"column":8},"end":{"line":40,"column":11}},{"start":{"line":40,"column":15},"end":{"line":40,"column":20}}],"line":40},"3":{"loc":{"start":{"line":47,"column":8},"end":{"line":49,"column":9}},"type":"if","locations":[{"start":{"line":47,"column":8},"end":{"line":49,"column":9}},{"start":{},"end":{}}],"line":47},"4":{"loc":{"start":{"line":62,"column":4},"end":{"line":64,"column":5}},"type":"if","locations":[{"start":{"line":62,"column":4},"end":{"line":64,"column":5}},{"start":{},"end":{}}],"line":62},"5":{"loc":{"start":{"line":68,"column":8},"end":{"line":70,"column":9}},"type":"if","locations":[{"start":{"line":68,"column":8},"end":{"line":70,"column":9}},{"start":{},"end":{}}],"line":68}},"s":{"0":3,"1":3,"2":2,"3":2,"4":0,"5":0,"6":2,"7":2,"8":3,"9":3,"10":3,"11":1,"12":2,"13":2,"14":0,"15":0,"16":1,"17":1,"18":3,"19":4,"20":4,"21":4,"22":1,"23":3,"24":3,"25":2,"26":1,"27":1,"28":1,"29":1,"30":3,"31":4,"32":4,"33":1,"34":3,"35":3,"36":2,"37":1,"38":1,"39":2,"40":2},"f":{"0":2,"1":3,"2":4,"3":4},"b":{"0":[1,2],"1":[1,3],"2":[4,3],"3":[1,1],"4":[1,3],"5":[1,1]},"_coverageSchema":"1a1c01bbd47fc00a2c39e90264f33305004495a9","hash":"e7eb17af47fef887e9f13cde86e8e5f1c3905d9a"}
,"C:\\Faculdade\\to-do-list\\backend\\src\\models\\ToDoModel.js": {"path":"C:\\Faculdade\\to-do-list\\backend\\src\\models\\ToDoModel.js","statementMap":{"0":{"start":{"line":1,"column":17},"end":{"line":1,"column":36}},"1":{"start":{"line":4,"column":19},"end":{"line":9,"column":2}},"2":{"start":{"line":12,"column":0},"end":{"line":12,"column":52}}},"fnMap":{},"branchMap":{},"s":{"0":4,"1":4,"2":4},"f":{},"b":{},"_coverageSchema":"1a1c01bbd47fc00a2c39e90264f33305004495a9","hash":"e60d92f97c41bfae04c0d8a1c4f24c31e0667267"}
,"C:\\Faculdade\\to-do-list\\backend\\src\\routes\\ToDoRoute.js": {"path":"C:\\Faculdade\\to-do-list\\backend\\src\\routes\\ToDoRoute.js","statementMap":{"0":{"start":{"line":1,"column":19},"end":{"line":1,"column":37}},"1":{"start":{"line":2,"column":54},"end":{"line":2,"column":94}},"2":{"start":{"line":4,"column":15},"end":{"line":4,"column":23}},"3":{"start":{"line":7,"column":0},"end":{"line":7,"column":25}},"4":{"start":{"line":8,"column":0},"end":{"line":8,"column":31}},"5":{"start":{"line":9,"column":0},"end":{"line":9,"column":38}},"6":{"start":{"line":10,"column":0},"end":{"line":10,"column":41}},"7":{"start":{"line":12,"column":0},"end":{"line":12,"column":24}}},"fnMap":{},"branchMap":{},"s":{"0":2,"1":2,"2":2,"3":2,"4":2,"5":2,"6":2,"7":2},"f":{},"b":{},"_coverageSchema":"1a1c01bbd47fc00a2c39e90264f33305004495a9","hash":"c1563f9473cf01b865de4e32eff04d2edf7ce0e8"}
}
