TN:
SF:src\Server.js
FN:21,(anonymous_0)
FN:22,(anonymous_1)
FN:28,(anonymous_2)
FNF:3
FNH:0
FNDA:0,(anonymous_0)
FNDA:0,(anonymous_1)
FNDA:0,(anonymous_2)
DA:1,1
DA:2,1
DA:3,1
DA:6,1
DA:8,1
DA:10,1
DA:11,1
DA:14,1
DA:16,1
DA:19,1
DA:21,0
DA:22,0
DA:25,1
DA:28,1
LF:14
LH:12
BRDA:11,0,0,1
BRDA:11,0,1,1
BRF:2
BRH:2
end_of_record
TN:
SF:src\controllers\ToDoController.js
FN:4,(anonymous_0)
FN:16,(anonymous_1)
FN:35,(anonymous_2)
FN:58,(anonymous_3)
FNF:4
FNH:4
FNDA:2,(anonymous_0)
FNDA:3,(anonymous_1)
FNDA:4,(anonymous_2)
FNDA:4,(anonymous_3)
DA:1,3
DA:4,3
DA:5,2
DA:6,2
DA:7,0
DA:8,0
DA:10,2
DA:11,2
DA:16,3
DA:17,3
DA:20,3
DA:21,1
DA:24,2
DA:25,2
DA:26,0
DA:27,0
DA:29,1
DA:30,1
DA:35,3
DA:36,4
DA:37,4
DA:40,4
DA:41,1
DA:44,3
DA:46,3
DA:47,2
DA:48,1
DA:50,1
DA:52,1
DA:53,1
DA:58,3
DA:59,4
DA:62,4
DA:63,1
DA:66,3
DA:67,3
DA:68,2
DA:69,1
DA:71,1
DA:73,2
DA:74,2
LF:41
LH:37
BRDA:20,0,0,1
BRDA:20,0,1,2
BRDA:40,1,0,1
BRDA:40,1,1,3
BRDA:40,2,0,4
BRDA:40,2,1,3
BRDA:47,3,0,1
BRDA:47,3,1,1
BRDA:62,4,0,1
BRDA:62,4,1,3
BRDA:68,5,0,1
BRDA:68,5,1,1
BRF:12
BRH:12
end_of_record
TN:
SF:src\models\ToDoModel.js
FNF:0
FNH:0
DA:1,4
DA:4,4
DA:12,4
LF:3
LH:3
BRF:0
BRH:0
end_of_record
TN:
SF:src\routes\ToDoRoute.js
FNF:0
FNH:0
DA:1,2
DA:2,2
DA:4,2
DA:7,2
DA:8,2
DA:9,2
DA:10,2
DA:12,2
LF:8
LH:8
BRF:0
BRH:0
end_of_record
